<?xml version="1.0" encoding="UTF-8"?>
<!-- Generated by org.testng.reporters.JUnitXMLReporter -->
<testsuite hostname="LP-5CD730826V" ignored="0" name="Default test" tests="2" failures="0" timestamp="2020-02-03T09:17:15 IST" time="283.028" errors="0">
  <testcase name="AddnewAddress" time="13.385" classname="com.amazon.qa.TestCases.AccountAddressPageTest"/>
  <testcase name="AddnewAddress" time="6.891" classname="com.amazon.qa.TestCases.AccountAddressPageTest"/>
</testsuite> <!-- Default test -->
